f:\workshop\demos\qcrushhandler\qcrushhandler\release\main.obj
f:\workshop\demos\qcrushhandler\qcrushhandler\release\qcrushhandler.obj
f:\workshop\demos\qcrushhandler\qcrushhandler\release\qdump.obj
f:\workshop\demos\qcrushhandler\qcrushhandler\release\vc140.pdb
f:\workshop\demos\qcrushhandler\qcrushhandler\release\moc_qcrushhandler.obj
f:\workshop\demos\qcrushhandler\qcrushhandler\release\qrc_qcrushhandler.obj
f:\workshop\demos\qcrushhandler\qcrushhandler\release\moc\moc_qcrushhandler.cpp
f:\workshop\demos\qcrushhandler\qcrushhandler\release\uic\ui_qcrushhandler.h
f:\workshop\demos\qcrushhandler\qcrushhandler\release\rcc\qrc_qcrushhandler.cpp
f:\workshop\demos\qcrushhandler\release\qcrushhandler.pdb
f:\workshop\demos\qcrushhandler\qcrushhandler\release\qcrushhandler.tlog\cl.command.1.tlog
f:\workshop\demos\qcrushhandler\qcrushhandler\release\qcrushhandler.tlog\cl.read.1.tlog
f:\workshop\demos\qcrushhandler\qcrushhandler\release\qcrushhandler.tlog\cl.write.1.tlog
f:\workshop\demos\qcrushhandler\qcrushhandler\release\qcrushhandler.tlog\link-cvtres.read.1.tlog
f:\workshop\demos\qcrushhandler\qcrushhandler\release\qcrushhandler.tlog\link-cvtres.write.1.tlog
f:\workshop\demos\qcrushhandler\qcrushhandler\release\qcrushhandler.tlog\link-rc.read.1.tlog
f:\workshop\demos\qcrushhandler\qcrushhandler\release\qcrushhandler.tlog\link-rc.write.1.tlog
f:\workshop\demos\qcrushhandler\qcrushhandler\release\qcrushhandler.tlog\link.command.1.tlog
f:\workshop\demos\qcrushhandler\qcrushhandler\release\qcrushhandler.tlog\link.read.1.tlog
f:\workshop\demos\qcrushhandler\qcrushhandler\release\qcrushhandler.tlog\link.write.1.tlog
f:\workshop\demos\qcrushhandler\qcrushhandler\release\qcrushhandler.tlog\moc.read.1u.tlog
f:\workshop\demos\qcrushhandler\qcrushhandler\release\qcrushhandler.tlog\moc.write.1u.tlog
f:\workshop\demos\qcrushhandler\qcrushhandler\release\qcrushhandler.tlog\qcrushhandler.write.1u.tlog
f:\workshop\demos\qcrushhandler\qcrushhandler\release\qcrushhandler.tlog\rcc.read.1u.tlog
f:\workshop\demos\qcrushhandler\qcrushhandler\release\qcrushhandler.tlog\rcc.write.1u.tlog
f:\workshop\demos\qcrushhandler\qcrushhandler\release\qcrushhandler.tlog\uic.read.1u.tlog
f:\workshop\demos\qcrushhandler\qcrushhandler\release\qcrushhandler.tlog\uic.write.1u.tlog
