f:\workshop\demos\qcrushhandler\qcrushhandler\debug\qcrushhandler.obj
f:\workshop\demos\qcrushhandler\qcrushhandler\debug\main.obj
f:\workshop\demos\qcrushhandler\qcrushhandler\debug\qdump.obj
f:\workshop\demos\qcrushhandler\qcrushhandler\debug\vc140.pdb
f:\workshop\demos\qcrushhandler\qcrushhandler\debug\qrc_qcrushhandler.obj
f:\workshop\demos\qcrushhandler\qcrushhandler\debug\moc_qcrushhandler.obj
f:\workshop\demos\qcrushhandler\qcrushhandler\debug\moc\moc_qcrushhandler.cpp
f:\workshop\demos\qcrushhandler\qcrushhandler\debug\uic\ui_qcrushhandler.h
f:\workshop\demos\qcrushhandler\qcrushhandler\debug\rcc\qrc_qcrushhandler.cpp
f:\workshop\demos\qcrushhandler\debug\qcrushhandler.pdb
f:\workshop\demos\qcrushhandler\qcrushhandler\debug\qcrushhandler.tlog\cl.command.1.tlog
f:\workshop\demos\qcrushhandler\qcrushhandler\debug\qcrushhandler.tlog\cl.read.1.tlog
f:\workshop\demos\qcrushhandler\qcrushhandler\debug\qcrushhandler.tlog\cl.write.1.tlog
f:\workshop\demos\qcrushhandler\qcrushhandler\debug\qcrushhandler.tlog\link-cvtres.read.1.tlog
f:\workshop\demos\qcrushhandler\qcrushhandler\debug\qcrushhandler.tlog\link-cvtres.write.1.tlog
f:\workshop\demos\qcrushhandler\qcrushhandler\debug\qcrushhandler.tlog\link-rc.read.1.tlog
f:\workshop\demos\qcrushhandler\qcrushhandler\debug\qcrushhandler.tlog\link-rc.write.1.tlog
f:\workshop\demos\qcrushhandler\qcrushhandler\debug\qcrushhandler.tlog\link.command.1.tlog
f:\workshop\demos\qcrushhandler\qcrushhandler\debug\qcrushhandler.tlog\link.read.1.tlog
f:\workshop\demos\qcrushhandler\qcrushhandler\debug\qcrushhandler.tlog\link.write.1.tlog
f:\workshop\demos\qcrushhandler\qcrushhandler\debug\qcrushhandler.tlog\moc.read.1u.tlog
f:\workshop\demos\qcrushhandler\qcrushhandler\debug\qcrushhandler.tlog\moc.write.1u.tlog
f:\workshop\demos\qcrushhandler\qcrushhandler\debug\qcrushhandler.tlog\qcrushhandler.write.1u.tlog
f:\workshop\demos\qcrushhandler\qcrushhandler\debug\qcrushhandler.tlog\rcc.read.1u.tlog
f:\workshop\demos\qcrushhandler\qcrushhandler\debug\qcrushhandler.tlog\rcc.write.1u.tlog
f:\workshop\demos\qcrushhandler\qcrushhandler\debug\qcrushhandler.tlog\uic.read.1u.tlog
f:\workshop\demos\qcrushhandler\qcrushhandler\debug\qcrushhandler.tlog\uic.write.1u.tlog
